# JRE version: Java(TM) SE Runtime Environment (8.0_171-b11) (build 1.8.0_171-b11)
# Java VM: Java HotSpot(TM) 64-Bit Server VM (25.171-b11 mixed mode windows-amd64 compressed oops)
Heap:
 PSYoungGen      total 257024K, used 241173K [0x00000000d5e00000, 0x00000000f0500000, 0x0000000100000000)
  eden space 254464K, 93% used [0x00000000d5e00000,0x00000000e4711a88,0x00000000e5680000)
  from space 2560K, 98% used [0x00000000f0280000,0x00000000f04f3d48,0x00000000f0500000)
  to   space 4608K, 0% used [0x00000000efc00000,0x00000000efc00000,0x00000000f0080000)
 ParOldGen       total 87552K, used 2994K [0x0000000081a00000, 0x0000000086f80000, 0x00000000d5e00000)
  object space 87552K, 3% used [0x0000000081a00000,0x0000000081cec990,0x0000000086f80000)
 Metaspace       used 15529K, capacity 15822K, committed 16000K, reserved 1062912K
  class space    used 1776K, capacity 1853K, committed 1920K, reserved 1048576K
GC Heap History (10 events):
Event: 3.042 GC heap before
{Heap before GC invocations=6 (full 0):
 PSYoungGen      total 71680K, used 68954K [0x00000000d5e00000, 0x00000000de800000, 0x0000000100000000)
  eden space 66560K, 100% used [0x00000000d5e00000,0x00000000d9f00000,0x00000000d9f00000)
  from space 5120K, 46% used [0x00000000d9f00000,0x00000000da1568b0,0x00000000da400000)
  to   space 4096K, 0% used [0x00000000de400000,0x00000000de400000,0x00000000de800000)
 ParOldGen       total 87552K, used 96K [0x0000000081a00000, 0x0000000086f80000, 0x00000000d5e00000)
  object space 87552K, 0% used [0x0000000081a00000,0x0000000081a18010,0x0000000086f80000)
 Metaspace       used 8407K, capacity 8562K, committed 8704K, reserved 1056768K
  class space    used 908K, capacity 957K, committed 1024K, reserved 1048576K
Event: 3.045 GC heap after
Heap after GC invocations=6 (full 0):
 PSYoungGen      total 137216K, used 2442K [0x00000000d5e00000, 0x00000000de800000, 0x0000000100000000)
  eden space 133120K, 0% used [0x00000000d5e00000,0x00000000d5e00000,0x00000000de000000)
  from space 4096K, 59% used [0x00000000de400000,0x00000000de6628a0,0x00000000de800000)
  to   space 4096K, 0% used [0x00000000de000000,0x00000000de000000,0x00000000de400000)
 ParOldGen       total 87552K, used 96K [0x0000000081a00000, 0x0000000086f80000, 0x00000000d5e00000)
  object space 87552K, 0% used [0x0000000081a00000,0x0000000081a18010,0x0000000086f80000)
 Metaspace       used 8407K, capacity 8562K, committed 8704K, reserved 1056768K
  class space    used 908K, capacity 957K, committed 1024K, reserved 1048576K
}
Event: 3.493 GC heap before
{Heap before GC invocations=7 (full 0):
 PSYoungGen      total 137216K, used 135562K [0x00000000d5e00000, 0x00000000de800000, 0x0000000100000000)
  eden space 133120K, 100% used [0x00000000d5e00000,0x00000000de000000,0x00000000de000000)
  from space 4096K, 59% used [0x00000000de400000,0x00000000de6628a0,0x00000000de800000)
  to   space 4096K, 0% used [0x00000000de000000,0x00000000de000000,0x00000000de400000)
 ParOldGen       total 87552K, used 96K [0x0000000081a00000, 0x0000000086f80000, 0x00000000d5e00000)
  object space 87552K, 0% used [0x0000000081a00000,0x0000000081a18010,0x0000000086f80000)
 Metaspace       used 8407K, capacity 8562K, committed 8704K, reserved 1056768K
  class space    used 908K, capacity 957K, committed 1024K, reserved 1048576K
Event: 3.499 GC heap after
Heap after GC invocations=7 (full 0):
 PSYoungGen      total 137216K, used 64K [0x00000000d5e00000, 0x00000000e6b00000, 0x0000000100000000)
  eden space 133120K, 0% used [0x00000000d5e00000,0x00000000d5e00000,0x00000000de000000)
  from space 4096K, 1% used [0x00000000de000000,0x00000000de010000,0x00000000de400000)
  to   space 4608K, 0% used [0x00000000e6680000,0x00000000e6680000,0x00000000e6b00000)
 ParOldGen       total 87552K, used 2442K [0x0000000081a00000, 0x0000000086f80000, 0x00000000d5e00000)
  object space 87552K, 2% used [0x0000000081a00000,0x0000000081c62980,0x0000000086f80000)
 Metaspace       used 8407K, capacity 8562K, committed 8704K, reserved 1056768K
  class space    used 908K, capacity 957K, committed 1024K, reserved 1048576K
}
Event: 3.933 GC heap before
{Heap before GC invocations=8 (full 0):
 PSYoungGen      total 137216K, used 133184K [0x00000000d5e00000, 0x00000000e6b00000, 0x0000000100000000)
  eden space 133120K, 100% used [0x00000000d5e00000,0x00000000de000000,0x00000000de000000)
  from space 4096K, 1% used [0x00000000de000000,0x00000000de010000,0x00000000de400000)
  to   space 4608K, 0% used [0x00000000e6680000,0x00000000e6680000,0x00000000e6b00000)
 ParOldGen       total 87552K, used 2442K [0x0000000081a00000, 0x0000000086f80000, 0x00000000d5e00000)
  object space 87552K, 2% used [0x0000000081a00000,0x0000000081c62980,0x0000000086f80000)
 Metaspace       used 9685K, capacity 9930K, committed 10112K, reserved 1058816K
  class space    used 1057K, capacity 1133K, committed 1152K, reserved 1048576K
Event: 3.934 GC heap after
Heap after GC invocations=8 (full 0):
 PSYoungGen      total 270848K, used 640K [0x00000000d5e00000, 0x00000000e6b00000, 0x0000000100000000)
  eden space 266240K, 0% used [0x00000000d5e00000,0x00000000d5e00000,0x00000000e6200000)
  from space 4608K, 13% used [0x00000000e6680000,0x00000000e6720010,0x00000000e6b00000)
  to   space 4608K, 0% used [0x00000000e6200000,0x00000000e6200000,0x00000000e6680000)
 ParOldGen       total 87552K, used 2466K [0x0000000081a00000, 0x0000000086f80000, 0x00000000d5e00000)
  object space 87552K, 2% used [0x0000000081a00000,0x0000000081c68980,0x0000000086f80000)
 Metaspace       used 9685K, capacity 9930K, committed 10112K, reserved 1058816K
  class space    used 1057K, capacity 1133K, committed 1152K, reserved 1048576K
}
Event: 4.293 GC heap before
{Heap before GC invocations=9 (full 0):
 PSYoungGen      total 270848K, used 266880K [0x00000000d5e00000, 0x00000000e6b00000, 0x0000000100000000)
  eden space 266240K, 100% used [0x00000000d5e00000,0x00000000e6200000,0x00000000e6200000)
  from space 4608K, 13% used [0x00000000e6680000,0x00000000e6720010,0x00000000e6b00000)
  to   space 4608K, 0% used [0x00000000e6200000,0x00000000e6200000,0x00000000e6680000)
 ParOldGen       total 87552K, used 2466K [0x0000000081a00000, 0x0000000086f80000, 0x00000000d5e00000)
  object space 87552K, 2% used [0x0000000081a00000,0x0000000081c68980,0x0000000086f80000)
 Metaspace       used 9685K, capacity 9930K, committed 10112K, reserved 1058816K
  class space    used 1057K, capacity 1133K, committed 1152K, reserved 1048576K
Event: 4.295 GC heap after
Heap after GC invocations=9 (full 0):
 PSYoungGen      total 270848K, used 576K [0x00000000d5e00000, 0x00000000f0700000, 0x0000000100000000)
  eden space 266240K, 0% used [0x00000000d5e00000,0x00000000d5e00000,0x00000000e6200000)
  from space 4608K, 12% used [0x00000000e6200000,0x00000000e6290010,0x00000000e6680000)
  to   space 4608K, 0% used [0x00000000f0280000,0x00000000f0280000,0x00000000f0700000)
 ParOldGen       total 87552K, used 2474K [0x0000000081a00000, 0x0000000086f80000, 0x00000000d5e00000)
  object space 87552K, 2% used [0x0000000081a00000,0x0000000081c6a980,0x0000000086f80000)
 Metaspace       used 9685K, capacity 9930K, committed 10112K, reserved 1058816K
  class space    used 1057K, capacity 1133K, committed 1152K, reserved 1048576K
}
Event: 6.465 GC heap before
{Heap before GC invocations=10 (full 0):
 PSYoungGen      total 270848K, used 266816K [0x00000000d5e00000, 0x00000000f0700000, 0x0000000100000000)
  eden space 266240K, 100% used [0x00000000d5e00000,0x00000000e6200000,0x00000000e6200000)
  from space 4608K, 12% used [0x00000000e6200000,0x00000000e6290010,0x00000000e6680000)
  to   space 4608K, 0% used [0x00000000f0280000,0x00000000f0280000,0x00000000f0700000)
 ParOldGen       total 87552K, used 2474K [0x0000000081a00000, 0x0000000086f80000, 0x00000000d5e00000)
  object space 87552K, 2% used [0x0000000081a00000,0x0000000081c6a980,0x0000000086f80000)
 Metaspace       used 13222K, capacity 13478K, committed 13696K, reserved 1060864K
  class space    used 1470K, capacity 1563K, committed 1664K, reserved 1048576K
Event: 6.468 GC heap after
Heap after GC invocations=10 (full 0):
 PSYoungGen      total 257024K, used 2511K [0x00000000d5e00000, 0x00000000f0500000, 0x0000000100000000)
  eden space 254464K, 0% used [0x00000000d5e00000,0x00000000d5e00000,0x00000000e5680000)
  from space 2560K, 98% used [0x00000000f0280000,0x00000000f04f3d48,0x00000000f0500000)
  to   space 4608K, 0% used [0x00000000efc00000,0x00000000efc00000,0x00000000f0080000)
 ParOldGen       total 87552K, used 2994K [0x0000000081a00000, 0x0000000086f80000, 0x00000000d5e00000)
  object space 87552K, 3% used [0x0000000081a00000,0x0000000081cec990,0x0000000086f80000)
 Metaspace       used 13222K, capacity 13478K, committed 13696K, reserved 1060864K
  class space    used 1470K, capacity 1563K, committed 1664K, reserved 1048576K
}

