# JRE version: Java(TM) SE Runtime Environment (8.0_171-b11) (build 1.8.0_171-b11)
# Java VM: Java HotSpot(TM) 64-Bit Server VM (25.171-b11 mixed mode windows-amd64 compressed oops)
Heap:
 garbage-first heap   total 131072K, used 40581K [0x0000000694800000, 0x0000000694900400, 0x00000007c0000000)
  region size 1024K, 37 young (37888K), 4 survivors (4096K)
 Metaspace       used 15548K, capacity 15830K, committed 16000K, reserved 1062912K
  class space    used 1775K, capacity 1853K, committed 1920K, reserved 1048576K
GC Heap History (10 events):
Event: 36.811 GC heap before
{Heap before GC invocations=13 (full 0):
 garbage-first heap   total 131072K, used 78966K [0x0000000694800000, 0x0000000694900400, 0x00000007c0000000)
  region size 1024K, 76 young (77824K), 7 survivors (7168K)
 Metaspace       used 13261K, capacity 13556K, committed 13696K, reserved 1060864K
  class space    used 1470K, capacity 1564K, committed 1664K, reserved 1048576K
Event: 36.816 GC heap after
Heap after GC invocations=14 (full 0):
 garbage-first heap   total 131072K, used 6262K [0x0000000694800000, 0x0000000694900400, 0x00000007c0000000)
  region size 1024K, 5 young (5120K), 5 survivors (5120K)
 Metaspace       used 13261K, capacity 13556K, committed 13696K, reserved 1060864K
  class space    used 1470K, capacity 1564K, committed 1664K, reserved 1048576K
}
Event: 36.933 GC heap before
{Heap before GC invocations=14 (full 0):
 garbage-first heap   total 131072K, used 78966K [0x0000000694800000, 0x0000000694900400, 0x00000007c0000000)
  region size 1024K, 76 young (77824K), 5 survivors (5120K)
 Metaspace       used 13261K, capacity 13556K, committed 13696K, reserved 1060864K
  class space    used 1470K, capacity 1564K, committed 1664K, reserved 1048576K
Event: 36.938 GC heap after
Heap after GC invocations=15 (full 0):
 garbage-first heap   total 131072K, used 6262K [0x0000000694800000, 0x0000000694900400, 0x00000007c0000000)
  region size 1024K, 5 young (5120K), 5 survivors (5120K)
 Metaspace       used 13261K, capacity 13556K, committed 13696K, reserved 1060864K
  class space    used 1470K, capacity 1564K, committed 1664K, reserved 1048576K
}
Event: 37.059 GC heap before
{Heap before GC invocations=15 (full 0):
 garbage-first heap   total 131072K, used 78966K [0x0000000694800000, 0x0000000694900400, 0x00000007c0000000)
  region size 1024K, 76 young (77824K), 5 survivors (5120K)
 Metaspace       used 13261K, capacity 13556K, committed 13696K, reserved 1060864K
  class space    used 1470K, capacity 1564K, committed 1664K, reserved 1048576K
Event: 37.065 GC heap after
Heap after GC invocations=16 (full 0):
 garbage-first heap   total 131072K, used 6448K [0x0000000694800000, 0x0000000694900400, 0x00000007c0000000)
  region size 1024K, 4 young (4096K), 4 survivors (4096K)
 Metaspace       used 13261K, capacity 13556K, committed 13696K, reserved 1060864K
  class space    used 1470K, capacity 1564K, committed 1664K, reserved 1048576K
}
Event: 37.200 GC heap before
{Heap before GC invocations=16 (full 0):
 garbage-first heap   total 131072K, used 80176K [0x0000000694800000, 0x0000000694900400, 0x00000007c0000000)
  region size 1024K, 76 young (77824K), 4 survivors (4096K)
 Metaspace       used 13261K, capacity 13556K, committed 13696K, reserved 1060864K
  class space    used 1470K, capacity 1564K, committed 1664K, reserved 1048576K
Event: 37.204 GC heap after
Heap after GC invocations=17 (full 0):
 garbage-first heap   total 131072K, used 7061K [0x0000000694800000, 0x0000000694900400, 0x00000007c0000000)
  region size 1024K, 4 young (4096K), 4 survivors (4096K)
 Metaspace       used 13261K, capacity 13556K, committed 13696K, reserved 1060864K
  class space    used 1470K, capacity 1564K, committed 1664K, reserved 1048576K
}
Event: 37.337 GC heap before
{Heap before GC invocations=17 (full 0):
 garbage-first heap   total 131072K, used 80789K [0x0000000694800000, 0x0000000694900400, 0x00000007c0000000)
  region size 1024K, 76 young (77824K), 4 survivors (4096K)
 Metaspace       used 13261K, capacity 13556K, committed 13696K, reserved 1060864K
  class space    used 1470K, capacity 1564K, committed 1664K, reserved 1048576K
Event: 37.341 GC heap after
Heap after GC invocations=18 (full 0):
 garbage-first heap   total 131072K, used 7813K [0x0000000694800000, 0x0000000694900400, 0x00000007c0000000)
  region size 1024K, 4 young (4096K), 4 survivors (4096K)
 Metaspace       used 13261K, capacity 13556K, committed 13696K, reserved 1060864K
  class space    used 1470K, capacity 1564K, committed 1664K, reserved 1048576K
}

