# JRE version: Java(TM) SE Runtime Environment (8.0_171-b11) (build 1.8.0_171-b11)
# Java VM: Java HotSpot(TM) 64-Bit Server VM (25.171-b11 mixed mode windows-amd64 compressed oops)
Heap:
 garbage-first heap   total 131072K, used 58680K [0x0000000081a00000, 0x0000000081b00400, 0x0000000100000000)
  region size 1024K, 54 young (55296K), 3 survivors (3072K)
 Metaspace       used 15551K, capacity 15822K, committed 16000K, reserved 1062912K
  class space    used 1776K, capacity 1853K, committed 1920K, reserved 1048576K
GC Heap History (10 events):
Event: 19.348 GC heap before
{Heap before GC invocations=13 (full 0):
 garbage-first heap   total 131072K, used 78543K [0x0000000081a00000, 0x0000000081b00400, 0x0000000100000000)
  region size 1024K, 76 young (77824K), 6 survivors (6144K)
 Metaspace       used 13246K, capacity 13542K, committed 13696K, reserved 1060864K
  class space    used 1469K, capacity 1563K, committed 1664K, reserved 1048576K
Event: 19.354 GC heap after
Heap after GC invocations=14 (full 0):
 garbage-first heap   total 131072K, used 7375K [0x0000000081a00000, 0x0000000081b00400, 0x0000000100000000)
  region size 1024K, 6 young (6144K), 6 survivors (6144K)
 Metaspace       used 13246K, capacity 13542K, committed 13696K, reserved 1060864K
  class space    used 1469K, capacity 1563K, committed 1664K, reserved 1048576K
}
Event: 19.457 GC heap before
{Heap before GC invocations=14 (full 0):
 garbage-first heap   total 131072K, used 79055K [0x0000000081a00000, 0x0000000081b00400, 0x0000000100000000)
  region size 1024K, 76 young (77824K), 6 survivors (6144K)
 Metaspace       used 13246K, capacity 13542K, committed 13696K, reserved 1060864K
  class space    used 1469K, capacity 1563K, committed 1664K, reserved 1048576K
Event: 19.462 GC heap after
Heap after GC invocations=15 (full 0):
 garbage-first heap   total 131072K, used 6096K [0x0000000081a00000, 0x0000000081b00400, 0x0000000100000000)
  region size 1024K, 5 young (5120K), 5 survivors (5120K)
 Metaspace       used 13246K, capacity 13542K, committed 13696K, reserved 1060864K
  class space    used 1469K, capacity 1563K, committed 1664K, reserved 1048576K
}
Event: 19.569 GC heap before
{Heap before GC invocations=15 (full 0):
 garbage-first heap   total 131072K, used 78800K [0x0000000081a00000, 0x0000000081b00400, 0x0000000100000000)
  region size 1024K, 76 young (77824K), 5 survivors (5120K)
 Metaspace       used 13246K, capacity 13542K, committed 13696K, reserved 1060864K
  class space    used 1469K, capacity 1563K, committed 1664K, reserved 1048576K
Event: 19.574 GC heap after
Heap after GC invocations=16 (full 0):
 garbage-first heap   total 131072K, used 6174K [0x0000000081a00000, 0x0000000081b00400, 0x0000000100000000)
  region size 1024K, 4 young (4096K), 4 survivors (4096K)
 Metaspace       used 13246K, capacity 13542K, committed 13696K, reserved 1060864K
  class space    used 1469K, capacity 1563K, committed 1664K, reserved 1048576K
}
Event: 19.682 GC heap before
{Heap before GC invocations=16 (full 0):
 garbage-first heap   total 131072K, used 79902K [0x0000000081a00000, 0x0000000081b00400, 0x0000000100000000)
  region size 1024K, 76 young (77824K), 4 survivors (4096K)
 Metaspace       used 13246K, capacity 13542K, committed 13696K, reserved 1060864K
  class space    used 1469K, capacity 1563K, committed 1664K, reserved 1048576K
Event: 19.687 GC heap after
Heap after GC invocations=17 (full 0):
 garbage-first heap   total 131072K, used 6619K [0x0000000081a00000, 0x0000000081b00400, 0x0000000100000000)
  region size 1024K, 3 young (3072K), 3 survivors (3072K)
 Metaspace       used 13246K, capacity 13542K, committed 13696K, reserved 1060864K
  class space    used 1469K, capacity 1563K, committed 1664K, reserved 1048576K
}
Event: 19.796 GC heap before
{Heap before GC invocations=17 (full 0):
 garbage-first heap   total 131072K, used 81371K [0x0000000081a00000, 0x0000000081b00400, 0x0000000100000000)
  region size 1024K, 76 young (77824K), 3 survivors (3072K)
 Metaspace       used 13246K, capacity 13542K, committed 13696K, reserved 1060864K
  class space    used 1469K, capacity 1563K, committed 1664K, reserved 1048576K
Event: 19.799 GC heap after
Heap after GC invocations=18 (full 0):
 garbage-first heap   total 131072K, used 7480K [0x0000000081a00000, 0x0000000081b00400, 0x0000000100000000)
  region size 1024K, 3 young (3072K), 3 survivors (3072K)
 Metaspace       used 13246K, capacity 13542K, committed 13696K, reserved 1060864K
  class space    used 1469K, capacity 1563K, committed 1664K, reserved 1048576K
}

