# JRE version: Java(TM) SE Runtime Environment (8.0_171-b11) (build 1.8.0_171-b11)
# Java VM: Java HotSpot(TM) 64-Bit Server VM (25.171-b11 mixed mode windows-amd64 compressed oops)
Heap:
 garbage-first heap   total 131072K, used 55654K [0x0000000081a00000, 0x0000000081b00400, 0x0000000100000000)
  region size 1024K, 51 young (52224K), 3 survivors (3072K)
 Metaspace       used 15516K, capacity 15818K, committed 16000K, reserved 1062912K
  class space    used 1776K, capacity 1853K, committed 1920K, reserved 1048576K
GC Heap History (10 events):
Event: 33.352 GC heap before
{Heap before GC invocations=13 (full 0):
 garbage-first heap   total 131072K, used 78618K [0x0000000081a00000, 0x0000000081b00400, 0x0000000100000000)
  region size 1024K, 76 young (77824K), 6 survivors (6144K)
 Metaspace       used 13200K, capacity 13474K, committed 13696K, reserved 1060864K
  class space    used 1467K, capacity 1563K, committed 1664K, reserved 1048576K
Event: 33.358 GC heap after
Heap after GC invocations=14 (full 0):
 garbage-first heap   total 131072K, used 7450K [0x0000000081a00000, 0x0000000081b00400, 0x0000000100000000)
  region size 1024K, 6 young (6144K), 6 survivors (6144K)
 Metaspace       used 13200K, capacity 13474K, committed 13696K, reserved 1060864K
  class space    used 1467K, capacity 1563K, committed 1664K, reserved 1048576K
}
Event: 33.464 GC heap before
{Heap before GC invocations=14 (full 0):
 garbage-first heap   total 131072K, used 79130K [0x0000000081a00000, 0x0000000081b00400, 0x0000000100000000)
  region size 1024K, 76 young (77824K), 6 survivors (6144K)
 Metaspace       used 13200K, capacity 13474K, committed 13696K, reserved 1060864K
  class space    used 1467K, capacity 1563K, committed 1664K, reserved 1048576K
Event: 33.470 GC heap after
Heap after GC invocations=15 (full 0):
 garbage-first heap   total 131072K, used 6426K [0x0000000081a00000, 0x0000000081b00400, 0x0000000100000000)
  region size 1024K, 5 young (5120K), 5 survivors (5120K)
 Metaspace       used 13200K, capacity 13474K, committed 13696K, reserved 1060864K
  class space    used 1467K, capacity 1563K, committed 1664K, reserved 1048576K
}
Event: 33.578 GC heap before
{Heap before GC invocations=15 (full 0):
 garbage-first heap   total 131072K, used 79130K [0x0000000081a00000, 0x0000000081b00400, 0x0000000100000000)
  region size 1024K, 76 young (77824K), 5 survivors (5120K)
 Metaspace       used 13200K, capacity 13474K, committed 13696K, reserved 1060864K
  class space    used 1467K, capacity 1563K, committed 1664K, reserved 1048576K
Event: 33.585 GC heap after
Heap after GC invocations=16 (full 0):
 garbage-first heap   total 131072K, used 6505K [0x0000000081a00000, 0x0000000081b00400, 0x0000000100000000)
  region size 1024K, 4 young (4096K), 4 survivors (4096K)
 Metaspace       used 13200K, capacity 13474K, committed 13696K, reserved 1060864K
  class space    used 1467K, capacity 1563K, committed 1664K, reserved 1048576K
}
Event: 33.722 GC heap before
{Heap before GC invocations=16 (full 0):
 garbage-first heap   total 131072K, used 80233K [0x0000000081a00000, 0x0000000081b00400, 0x0000000100000000)
  region size 1024K, 76 young (77824K), 4 survivors (4096K)
 Metaspace       used 13200K, capacity 13474K, committed 13696K, reserved 1060864K
  class space    used 1467K, capacity 1563K, committed 1664K, reserved 1048576K
Event: 33.728 GC heap after
Heap after GC invocations=17 (full 0):
 garbage-first heap   total 131072K, used 6695K [0x0000000081a00000, 0x0000000081b00400, 0x0000000100000000)
  region size 1024K, 3 young (3072K), 3 survivors (3072K)
 Metaspace       used 13200K, capacity 13474K, committed 13696K, reserved 1060864K
  class space    used 1467K, capacity 1563K, committed 1664K, reserved 1048576K
}
Event: 33.843 GC heap before
{Heap before GC invocations=17 (full 0):
 garbage-first heap   total 131072K, used 81447K [0x0000000081a00000, 0x0000000081b00400, 0x0000000100000000)
  region size 1024K, 76 young (77824K), 3 survivors (3072K)
 Metaspace       used 13200K, capacity 13474K, committed 13696K, reserved 1060864K
  class space    used 1467K, capacity 1563K, committed 1664K, reserved 1048576K
Event: 33.846 GC heap after
Heap after GC invocations=18 (full 0):
 garbage-first heap   total 131072K, used 7526K [0x0000000081a00000, 0x0000000081b00400, 0x0000000100000000)
  region size 1024K, 3 young (3072K), 3 survivors (3072K)
 Metaspace       used 13200K, capacity 13474K, committed 13696K, reserved 1060864K
  class space    used 1467K, capacity 1563K, committed 1664K, reserved 1048576K
}

