# JRE version: Java(TM) SE Runtime Environment (8.0_171-b11) (build 1.8.0_171-b11)
# Java VM: Java HotSpot(TM) 64-Bit Server VM (25.171-b11 mixed mode windows-amd64 compressed oops)
Heap:
 garbage-first heap   total 131072K, used 43497K [0x0000000081a00000, 0x0000000081b00400, 0x0000000100000000)
  region size 1024K, 39 young (39936K), 3 survivors (3072K)
 Metaspace       used 15546K, capacity 15818K, committed 16000K, reserved 1062912K
  class space    used 1776K, capacity 1853K, committed 1920K, reserved 1048576K
GC Heap History (10 events):
Event: 7.422 GC heap before
{Heap before GC invocations=13 (full 0):
 garbage-first heap   total 131072K, used 78713K [0x0000000081a00000, 0x0000000081b00400, 0x0000000100000000)
  region size 1024K, 76 young (77824K), 7 survivors (7168K)
 Metaspace       used 13234K, capacity 13538K, committed 13696K, reserved 1060864K
  class space    used 1470K, capacity 1563K, committed 1664K, reserved 1048576K
Event: 7.427 GC heap after
Heap after GC invocations=14 (full 0):
 garbage-first heap   total 131072K, used 6009K [0x0000000081a00000, 0x0000000081b00400, 0x0000000100000000)
  region size 1024K, 5 young (5120K), 5 survivors (5120K)
 Metaspace       used 13234K, capacity 13538K, committed 13696K, reserved 1060864K
  class space    used 1470K, capacity 1563K, committed 1664K, reserved 1048576K
}
Event: 7.536 GC heap before
{Heap before GC invocations=14 (full 0):
 garbage-first heap   total 131072K, used 78713K [0x0000000081a00000, 0x0000000081b00400, 0x0000000100000000)
  region size 1024K, 76 young (77824K), 5 survivors (5120K)
 Metaspace       used 13234K, capacity 13538K, committed 13696K, reserved 1060864K
  class space    used 1470K, capacity 1563K, committed 1664K, reserved 1048576K
Event: 7.542 GC heap after
Heap after GC invocations=15 (full 0):
 garbage-first heap   total 131072K, used 7545K [0x0000000081a00000, 0x0000000081b00400, 0x0000000100000000)
  region size 1024K, 6 young (6144K), 6 survivors (6144K)
 Metaspace       used 13234K, capacity 13538K, committed 13696K, reserved 1060864K
  class space    used 1470K, capacity 1563K, committed 1664K, reserved 1048576K
}
Event: 7.652 GC heap before
{Heap before GC invocations=15 (full 0):
 garbage-first heap   total 131072K, used 79225K [0x0000000081a00000, 0x0000000081b00400, 0x0000000100000000)
  region size 1024K, 76 young (77824K), 6 survivors (6144K)
 Metaspace       used 13234K, capacity 13538K, committed 13696K, reserved 1060864K
  class space    used 1470K, capacity 1563K, committed 1664K, reserved 1048576K
Event: 7.658 GC heap after
Heap after GC invocations=16 (full 0):
 garbage-first heap   total 131072K, used 6348K [0x0000000081a00000, 0x0000000081b00400, 0x0000000100000000)
  region size 1024K, 4 young (4096K), 4 survivors (4096K)
 Metaspace       used 13234K, capacity 13538K, committed 13696K, reserved 1060864K
  class space    used 1470K, capacity 1563K, committed 1664K, reserved 1048576K
}
Event: 7.769 GC heap before
{Heap before GC invocations=16 (full 0):
 garbage-first heap   total 131072K, used 80076K [0x0000000081a00000, 0x0000000081b00400, 0x0000000100000000)
  region size 1024K, 76 young (77824K), 4 survivors (4096K)
 Metaspace       used 13234K, capacity 13538K, committed 13696K, reserved 1060864K
  class space    used 1470K, capacity 1563K, committed 1664K, reserved 1048576K
Event: 7.774 GC heap after
Heap after GC invocations=17 (full 0):
 garbage-first heap   total 131072K, used 6875K [0x0000000081a00000, 0x0000000081b00400, 0x0000000100000000)
  region size 1024K, 3 young (3072K), 3 survivors (3072K)
 Metaspace       used 13234K, capacity 13538K, committed 13696K, reserved 1060864K
  class space    used 1470K, capacity 1563K, committed 1664K, reserved 1048576K
}
Event: 7.885 GC heap before
{Heap before GC invocations=17 (full 0):
 garbage-first heap   total 131072K, used 81627K [0x0000000081a00000, 0x0000000081b00400, 0x0000000100000000)
  region size 1024K, 76 young (77824K), 3 survivors (3072K)
 Metaspace       used 13234K, capacity 13538K, committed 13696K, reserved 1060864K
  class space    used 1470K, capacity 1563K, committed 1664K, reserved 1048576K
Event: 7.889 GC heap after
Heap after GC invocations=18 (full 0):
 garbage-first heap   total 131072K, used 7657K [0x0000000081a00000, 0x0000000081b00400, 0x0000000100000000)
  region size 1024K, 3 young (3072K), 3 survivors (3072K)
 Metaspace       used 13234K, capacity 13538K, committed 13696K, reserved 1060864K
  class space    used 1470K, capacity 1563K, committed 1664K, reserved 1048576K
}

